# JRE version: Java(TM) SE Runtime Environment (21.0.8+12) (build 21.0.8+12-LTS-250)
# Java VM: Java HotSpot(TM) 64-Bit Server VM (21.0.8+12-LTS-250, mixed mode, sharing, tiered, compressed oops, compressed class ptrs, g1 gc, windows-amd64)
GC Precious Log:
 CardTable entry size: 512
 Card Set container configuration: InlinePtr #cards 4 size 8 Array Of Cards #cards 16 size 48 Howl #buckets 8 coarsen threshold 3686 Howl Bitmap #cards 512 size 80 coarsen threshold 460 Card regions per heap region 1 cards per card region 4096
 CPUs: 8 total, 8 available
 Memory: 16226M
 Large Page Support: Disabled
 NUMA Support: Disabled
 Compressed Oops: Enabled (Zero based)
 Heap Region Size: 2M
 Heap Min Capacity: 8M
 Heap Initial Capacity: 254M
 Heap Max Capacity: 4058M
 Pre-touch: Disabled
 Parallel Workers: 8
 Concurrent Workers: 2
 Concurrent Refinement Workers: 8
 Periodic GC: Disabled
Heap:
 garbage-first heap   total 137216K, used 119586K [0x0000000702600000, 0x0000000800000000)
  region size 2048K, 25 young (51200K), 3 survivors (6144K)
 Metaspace       used 95619K, committed 96768K, reserved 1179648K
  class space    used 12067K, committed 12608K, reserved 1048576K
GC Heap History (20 events):
Event: 17.658 GC heap after
{Heap after GC invocations=33 (full 0):
 garbage-first heap   total 108544K, used 55267K [0x0000000702600000, 0x0000000800000000)
  region size 2048K, 2 young (4096K), 2 survivors (4096K)
 Metaspace       used 73183K, committed 73984K, reserved 1114112K
  class space    used 9243K, committed 9600K, reserved 1048576K
}
Event: 17.971 GC heap before
{Heap before GC invocations=33 (full 0):
 garbage-first heap   total 108544K, used 94179K [0x0000000702600000, 0x0000000800000000)
  region size 2048K, 21 young (43008K), 2 survivors (4096K)
 Metaspace       used 73446K, committed 74240K, reserved 1114112K
  class space    used 9257K, committed 9600K, reserved 1048576K
}
Event: 17.977 GC heap after
{Heap after GC invocations=34 (full 0):
 garbage-first heap   total 108544K, used 56660K [0x0000000702600000, 0x0000000800000000)
  region size 2048K, 2 young (4096K), 2 survivors (4096K)
 Metaspace       used 73446K, committed 74240K, reserved 1114112K
  class space    used 9257K, committed 9600K, reserved 1048576K
}
Event: 18.275 GC heap before
{Heap before GC invocations=34 (full 0):
 garbage-first heap   total 108544K, used 93524K [0x0000000702600000, 0x0000000800000000)
  region size 2048K, 20 young (40960K), 2 survivors (4096K)
 Metaspace       used 73719K, committed 74496K, reserved 1114112K
  class space    used 9275K, committed 9600K, reserved 1048576K
}
Event: 18.278 GC heap after
{Heap after GC invocations=35 (full 0):
 garbage-first heap   total 108544K, used 58084K [0x0000000702600000, 0x0000000800000000)
  region size 2048K, 3 young (6144K), 3 survivors (6144K)
 Metaspace       used 73719K, committed 74496K, reserved 1114112K
  class space    used 9275K, committed 9600K, reserved 1048576K
}
Event: 18.804 GC heap before
{Heap before GC invocations=36 (full 0):
 garbage-first heap   total 108544K, used 90852K [0x0000000702600000, 0x0000000800000000)
  region size 2048K, 19 young (38912K), 3 survivors (6144K)
 Metaspace       used 74628K, committed 75392K, reserved 1179648K
  class space    used 9376K, committed 9728K, reserved 1048576K
}
Event: 18.810 GC heap after
{Heap after GC invocations=37 (full 0):
 garbage-first heap   total 108544K, used 59919K [0x0000000702600000, 0x0000000800000000)
  region size 2048K, 3 young (6144K), 3 survivors (6144K)
 Metaspace       used 74628K, committed 75392K, reserved 1179648K
  class space    used 9376K, committed 9728K, reserved 1048576K
}
Event: 19.014 GC heap before
{Heap before GC invocations=37 (full 0):
 garbage-first heap   total 108544K, used 92687K [0x0000000702600000, 0x0000000800000000)
  region size 2048K, 19 young (38912K), 3 survivors (6144K)
 Metaspace       used 75020K, committed 75840K, reserved 1179648K
  class space    used 9410K, committed 9792K, reserved 1048576K
}
Event: 19.024 GC heap after
{Heap after GC invocations=38 (full 0):
 garbage-first heap   total 108544K, used 60761K [0x0000000702600000, 0x0000000800000000)
  region size 2048K, 3 young (6144K), 3 survivors (6144K)
 Metaspace       used 75020K, committed 75840K, reserved 1179648K
  class space    used 9410K, committed 9792K, reserved 1048576K
}
Event: 19.209 GC heap before
{Heap before GC invocations=38 (full 0):
 garbage-first heap   total 108544K, used 91481K [0x0000000702600000, 0x0000000800000000)
  region size 2048K, 18 young (36864K), 3 survivors (6144K)
 Metaspace       used 75250K, committed 76032K, reserved 1179648K
  class space    used 9424K, committed 9792K, reserved 1048576K
}
Event: 19.214 GC heap after
{Heap after GC invocations=39 (full 0):
 garbage-first heap   total 131072K, used 62140K [0x0000000702600000, 0x0000000800000000)
  region size 2048K, 3 young (6144K), 3 survivors (6144K)
 Metaspace       used 75250K, committed 76032K, reserved 1179648K
  class space    used 9424K, committed 9792K, reserved 1048576K
}
Event: 19.622 GC heap before
{Heap before GC invocations=40 (full 0):
 garbage-first heap   total 137216K, used 113340K [0x0000000702600000, 0x0000000800000000)
  region size 2048K, 28 young (57344K), 3 survivors (6144K)
 Metaspace       used 75939K, committed 76800K, reserved 1179648K
  class space    used 9481K, committed 9856K, reserved 1048576K
}
Event: 19.627 GC heap after
{Heap after GC invocations=41 (full 0):
 garbage-first heap   total 137216K, used 64476K [0x0000000702600000, 0x0000000800000000)
  region size 2048K, 4 young (8192K), 4 survivors (8192K)
 Metaspace       used 75939K, committed 76800K, reserved 1179648K
  class space    used 9481K, committed 9856K, reserved 1048576K
}
Event: 20.592 GC heap before
{Heap before GC invocations=41 (full 0):
 garbage-first heap   total 137216K, used 117724K [0x0000000702600000, 0x0000000800000000)
  region size 2048K, 30 young (61440K), 4 survivors (8192K)
 Metaspace       used 78506K, committed 79424K, reserved 1179648K
  class space    used 9806K, committed 10240K, reserved 1048576K
}
Event: 20.600 GC heap after
{Heap after GC invocations=42 (full 0):
 garbage-first heap   total 137216K, used 67419K [0x0000000702600000, 0x0000000800000000)
  region size 2048K, 4 young (8192K), 4 survivors (8192K)
 Metaspace       used 78506K, committed 79424K, reserved 1179648K
  class space    used 9806K, committed 10240K, reserved 1048576K
}
Event: 74.769 GC heap before
{Heap before GC invocations=42 (full 0):
 garbage-first heap   total 137216K, used 118619K [0x0000000702600000, 0x0000000800000000)
  region size 2048K, 29 young (59392K), 4 survivors (8192K)
 Metaspace       used 83876K, committed 84864K, reserved 1179648K
  class space    used 10540K, committed 11008K, reserved 1048576K
}
Event: 74.777 GC heap after
{Heap after GC invocations=43 (full 0):
 garbage-first heap   total 137216K, used 71340K [0x0000000702600000, 0x0000000800000000)
  region size 2048K, 4 young (8192K), 4 survivors (8192K)
 Metaspace       used 83876K, committed 84864K, reserved 1179648K
  class space    used 10540K, committed 11008K, reserved 1048576K
}
Event: 82.289 GC heap before
{Heap before GC invocations=44 (full 0):
 garbage-first heap   total 137216K, used 116396K [0x0000000702600000, 0x0000000800000000)
  region size 2048K, 27 young (55296K), 4 survivors (8192K)
 Metaspace       used 91744K, committed 92800K, reserved 1179648K
  class space    used 11709K, committed 12224K, reserved 1048576K
}
Event: 82.297 GC heap after
{Heap after GC invocations=45 (full 0):
 garbage-first heap   total 137216K, used 74530K [0x0000000702600000, 0x0000000800000000)
  region size 2048K, 4 young (8192K), 4 survivors (8192K)
 Metaspace       used 91744K, committed 92800K, reserved 1179648K
  class space    used 11709K, committed 12224K, reserved 1048576K
}
Event: 702.127 GC heap before
{Heap before GC invocations=45 (full 0):
 garbage-first heap   total 137216K, used 117538K [0x0000000702600000, 0x0000000800000000)
  region size 2048K, 26 young (53248K), 4 survivors (8192K)
 Metaspace       used 95619K, committed 96768K, reserved 1179648K
  class space    used 12067K, committed 12608K, reserved 1048576K
}

